---------------------------------------------------------------------------
TxId	Txtype	Operation	ObId:Obvalue:optime	LockType	Status		TxStatus
T1	W 	BeginTx
T2	W 	BeginTx
T3	W 	BeginTx
T5	R 	BeginTx
T2	      	WriteTx		4:1:980			WriteLock	Granted		 P
T2	      	WriteTx		5:1:980			WriteLock	Granted		 P
T2	CommitTx	5 : 1, 4 : 1, 
T5	      	ReadTx		9:-1:4365			ReadLock	Granted		 P
T3	      	WriteTx		6:1:5139			WriteLock	Granted		 P
T1	      	ReadTx		1:-1:7897			ReadLock	Granted		 P
T5	      	ReadTx		10:-1:4365			ReadLock	Granted		 P
T3	      	WriteTx		7:1:5139			WriteLock	Granted		 P
T5	      	ReadTx		11:-1:4365			ReadLock	Granted		 P
T1	      	WriteTx		2:1:7897			WriteLock	Granted		 P
T3	      	ReadTx		8:-1:5139			ReadLock	Granted		 P
T3	CommitTx	8 : -1, 7 : 1, 6 : 1, 
T5	      	ReadTx		12:-1:4365			ReadLock	Granted		 P
T1	      	ReadTx		3:-1:7897			ReadLock	Granted		 P
T1	CommitTx	3 : -1, 2 : 1, 1 : -1, 
T5	      	ReadTx		13:-1:4365			ReadLock	Granted		 P
T5	      	ReadTx		1:-2:4365			ReadLock	Granted		 P
T5	CommitTx	1 : -2, 13 : -1, 12 : -1, 11 : -1, 10 : -1, 9 : -1, 
